musical: [Fri May 08 23:05:09 2009] 380 / 309
musical: [Fri May 08 23:05:29 2009] 240 / 653
chicas: [Fri May 08 23:05:44 2009] 195 / 259
chicas: [Fri May 08 23:06:11 2009] 140 / 52
musical: [Fri May 08 23:25:27 2009] 468 / 361
musical: [Fri May 08 23:25:43 2009] 627 / 693
musical: [Fri May 08 23:26:02 2009] 18 / 123
musical: [Fri May 08 23:26:16 2009] 115 / 364
chicas: [Fri May 08 23:26:31 2009] 6 / 210
chicos: [Fri May 08 23:27:49 2009] 42 / 16
musical: [Fri May 08 23:28:09 2009] 101 / 601
politica: [Fri May 08 23:28:50 2009] 15 / 26
chicas: [Fri May 08 23:29:28 2009] 218 / 81
musical: [Fri May 08 23:29:50 2009] 435 / 236
musical: [Fri May 08 23:30:18 2009] 43 / 518
musical: [Fri May 08 23:30:31 2009] 174 / 156
chicas: [Fri May 08 23:57:21 2009] 129 / 180
chicas: [Sat May 09 00:05:02 2009] 184 / 140
musical: [Sat May 09 18:11:23 2009] 618 / 285
chicas: [Sat May 09 18:11:36 2009] 96 / 194
chicas: [Sat May 09 18:11:47 2009] 65 / 37
chicas: [Sun May 10 02:51:38 2009] 173 / 221
chicas: [Sun May 10 03:04:31 2009] 204 / 127
chicas: [Sun May 10 03:05:05 2009] 263 / 91
